<?xml version="1.0" encoding="utf-8"?><testsuites><testsuite name="pytest" errors="0" failures="0" skipped="0" tests="4" time="29.825" timestamp="2025-05-13T10:41:14.520911+05:30" hostname="YUVARAJ_UV"><testcase classname="Pytest.test_google" name="test_browser[https://www.flipkart.com/-chrome]" time="3.573" /><testcase classname="Pytest.test_google" name="test_browser[https://www.flipkart.com/-firefox]" time="10.316" /><testcase classname="Pytest.test_google" name="test_browser[https://www.amazon.com/-chrome]" time="2.347" /><testcase classname="Pytest.test_google" name="test_browser[https://www.amazon.com/-firefox]" time="13.264" /></testsuite></testsuites>