<?xml version="1.0" encoding="utf-8"?><testsuites><testsuite name="pytest" errors="0" failures="0" skipped="0" tests="5" time="49.012" timestamp="2025-05-14T23:15:07.023674+05:30" hostname="YUVARAJ_UV"><testcase classname="tests.test_dashboard.TestOrangeHRMDashboard" name="test_dashboard_heading" time="9.529" /><testcase classname="tests.test_dashboard.TestOrangeHRMDashboard" name="test_assign_leave_text" time="10.480" /><testcase classname="tests.test_dashboard.TestOrangeHRMDashboard" name="test_time_at_work_text" time="9.234" /><testcase classname="tests.test_login.TestOrangeHRMLogin" name="test_valid_login[Admin-admin123]" time="10.566" /><testcase classname="tests.test_login.TestOrangeHRMLogin" name="test_invalid_login[admii-123456]" time="8.762" /></testsuite></testsuites>